<?xml version="1.0" encoding="UTF-8"?>
<testsuite name="Login to the HBO Max Page" tests="1" skipped="0" failures="0" errors="0" timestamp="2022-10-24T16:53:56" hostname="CO-IT005335" time="30.686">
  <properties/>
  <testcase name="Agregar nueva unidad de negocio" classname="Login to the HBO Max Page" time="30.686"/>
  <system-out><![CDATA[]]></system-out>
  <system-err><![CDATA[Starting ChromeDriver 106.0.5249.61 (511755355844955cd3e264779baf0dd38212a4d0-refs/branch-heads/5249@{#569}) on port 6877
Only local connections are allowed.
Please see https://chromedriver.chromium.org/security-considerations for suggestions on keeping ChromeDriver safe.
ChromeDriver was started successfully.
oct. 24, 2022 11:53:59 A. M. org.openqa.selenium.remote.ProtocolHandshake createSession
INFO: Detected dialect: W3C
]]></system-err>
</testsuite>
